{"/home/alexshiao99/hackreactor/FEC/client/src/Components/renderRating.jsx": {"path":"/home/alexshiao99/hackreactor/FEC/client/src/Components/renderRating.jsx","statementMap":{"0":{"start":{"line":7,"column":14},"end":{"line":7,"column":30}},"1":{"start":{"line":9,"column":21},"end":{"line":49,"column":1}},"2":{"start":{"line":10,"column":30},"end":{"line":10,"column":41}},"3":{"start":{"line":13,"column":24},"end":{"line":25,"column":3}},"4":{"start":{"line":14,"column":21},"end":{"line":14,"column":22}},"5":{"start":{"line":15,"column":22},"end":{"line":15,"column":23}},"6":{"start":{"line":16,"column":4},"end":{"line":22,"column":5}},"7":{"start":{"line":16,"column":17},"end":{"line":16,"column":18}},"8":{"start":{"line":18,"column":6},"end":{"line":21,"column":7}},"9":{"start":{"line":19,"column":8},"end":{"line":19,"column":37}},"10":{"start":{"line":20,"column":8},"end":{"line":20,"column":38}},"11":{"start":{"line":24,"column":4},"end":{"line":24,"column":64}},"12":{"start":{"line":28,"column":21},"end":{"line":34,"column":3}},"13":{"start":{"line":29,"column":4},"end":{"line":33,"column":94}},"14":{"start":{"line":31,"column":8},"end":{"line":31,"column":40}},"15":{"start":{"line":33,"column":19},"end":{"line":33,"column":92}},"16":{"start":{"line":36,"column":2},"end":{"line":40,"column":15}},"17":{"start":{"line":37,"column":4},"end":{"line":39,"column":5}},"18":{"start":{"line":38,"column":6},"end":{"line":38,"column":25}},"19":{"start":{"line":42,"column":2},"end":{"line":48,"column":4}}},"fnMap":{"0":{"name":"RenderRating","decl":{"start":{"line":9,"column":30},"end":{"line":9,"column":42}},"loc":{"start":{"line":9,"column":55},"end":{"line":49,"column":1}},"line":9},"1":{"name":"sum","decl":{"start":{"line":13,"column":33},"end":{"line":13,"column":36}},"loc":{"start":{"line":13,"column":46},"end":{"line":25,"column":3}},"line":13},"2":{"name":"getRatings","decl":{"start":{"line":28,"column":30},"end":{"line":28,"column":40}},"loc":{"start":{"line":28,"column":45},"end":{"line":34,"column":3}},"line":28},"3":{"name":"(anonymous_3)","decl":{"start":{"line":30,"column":12},"end":{"line":30,"column":13}},"loc":{"start":{"line":30,"column":21},"end":{"line":32,"column":7}},"line":30},"4":{"name":"(anonymous_4)","decl":{"start":{"line":33,"column":13},"end":{"line":33,"column":14}},"loc":{"start":{"line":33,"column":19},"end":{"line":33,"column":92}},"line":33},"5":{"name":"(anonymous_5)","decl":{"start":{"line":36,"column":12},"end":{"line":36,"column":13}},"loc":{"start":{"line":36,"column":18},"end":{"line":40,"column":3}},"line":36}},"branchMap":{"0":{"loc":{"start":{"line":18,"column":6},"end":{"line":21,"column":7}},"type":"if","locations":[{"start":{"line":18,"column":6},"end":{"line":21,"column":7}},{"start":{},"end":{}}],"line":18},"1":{"loc":{"start":{"line":37,"column":4},"end":{"line":39,"column":5}},"type":"if","locations":[{"start":{"line":37,"column":4},"end":{"line":39,"column":5}},{"start":{},"end":{}}],"line":37}},"s":{"0":2,"1":2,"2":0,"3":0,"4":0,"5":0,"6":0,"7":0,"8":0,"9":0,"10":0,"11":0,"12":0,"13":0,"14":0,"15":0,"16":0,"17":0,"18":0,"19":0},"f":{"0":0,"1":0,"2":0,"3":0,"4":0,"5":0},"b":{"0":[0,0],"1":[0,0]},"_coverageSchema":"1a1c01bbd47fc00a2c39e90264f33305004495a9","hash":"4ce1a7dbea2d498b2650e4004af2a931af380951"}
,"/home/alexshiao99/hackreactor/FEC/client/src/Components/Overview/LogoCart.jsx": {"path":"/home/alexshiao99/hackreactor/FEC/client/src/Components/Overview/LogoCart.jsx","statementMap":{"0":{"start":{"line":4,"column":18},"end":{"line":7,"column":1}},"1":{"start":{"line":9,"column":13},"end":{"line":16,"column":1}},"2":{"start":{"line":13,"column":33},"end":{"line":13,"column":46}},"3":{"start":{"line":18,"column":13},"end":{"line":25,"column":1}},"4":{"start":{"line":22,"column":33},"end":{"line":22,"column":46}},"5":{"start":{"line":28,"column":2},"end":{"line":33,"column":4}}},"fnMap":{"0":{"name":"(anonymous_0)","decl":{"start":{"line":13,"column":20},"end":{"line":13,"column":21}},"loc":{"start":{"line":13,"column":33},"end":{"line":13,"column":46}},"line":13},"1":{"name":"(anonymous_1)","decl":{"start":{"line":22,"column":20},"end":{"line":22,"column":21}},"loc":{"start":{"line":22,"column":33},"end":{"line":22,"column":46}},"line":22},"2":{"name":"LogoCart","decl":{"start":{"line":27,"column":9},"end":{"line":27,"column":17}},"loc":{"start":{"line":27,"column":20},"end":{"line":34,"column":1}},"line":27}},"branchMap":{},"s":{"0":1,"1":1,"2":0,"3":1,"4":0,"5":0},"f":{"0":0,"1":0,"2":0},"b":{},"_coverageSchema":"1a1c01bbd47fc00a2c39e90264f33305004495a9","hash":"f2bfe88110666523c9f5385a26931eeac882f67f"}
,"/home/alexshiao99/hackreactor/FEC/client/src/Components/Overview/ProductGallery.jsx": {"path":"/home/alexshiao99/hackreactor/FEC/client/src/Components/Overview/ProductGallery.jsx","statementMap":{"0":{"start":{"line":5,"column":26},"end":{"line":10,"column":1}},"1":{"start":{"line":11,"column":22},"end":{"line":19,"column":1}},"2":{"start":{"line":18,"column":35},"end":{"line":18,"column":48}},"3":{"start":{"line":21,"column":18},"end":{"line":28,"column":1}},"4":{"start":{"line":30,"column":19},"end":{"line":38,"column":1}},"5":{"start":{"line":40,"column":20},"end":{"line":43,"column":1}},"6":{"start":{"line":46,"column":30},"end":{"line":46,"column":42}},"7":{"start":{"line":47,"column":23},"end":{"line":47,"column":47}},"8":{"start":{"line":48,"column":28},"end":{"line":48,"column":39}},"9":{"start":{"line":50,"column":2},"end":{"line":55,"column":17}},"10":{"start":{"line":51,"column":4},"end":{"line":54,"column":5}},"11":{"start":{"line":52,"column":6},"end":{"line":52,"column":33}},"12":{"start":{"line":53,"column":6},"end":{"line":53,"column":18}},"13":{"start":{"line":58,"column":4},"end":{"line":70,"column":5}},"14":{"start":{"line":59,"column":6},"end":{"line":63,"column":7}},"15":{"start":{"line":60,"column":8},"end":{"line":60,"column":30}},"16":{"start":{"line":61,"column":13},"end":{"line":63,"column":7}},"17":{"start":{"line":62,"column":8},"end":{"line":62,"column":36}},"18":{"start":{"line":64,"column":11},"end":{"line":70,"column":5}},"19":{"start":{"line":65,"column":6},"end":{"line":69,"column":7}},"20":{"start":{"line":66,"column":8},"end":{"line":66,"column":30}},"21":{"start":{"line":67,"column":13},"end":{"line":69,"column":7}},"22":{"start":{"line":68,"column":8},"end":{"line":68,"column":20}},"23":{"start":{"line":73,"column":2},"end":{"line":87,"column":4}},"24":{"start":{"line":77,"column":36},"end":{"line":77,"column":47}},"25":{"start":{"line":81,"column":37},"end":{"line":81,"column":47}}},"fnMap":{"0":{"name":"(anonymous_0)","decl":{"start":{"line":18,"column":22},"end":{"line":18,"column":23}},"loc":{"start":{"line":18,"column":35},"end":{"line":18,"column":48}},"line":18},"1":{"name":"ProductGallery","decl":{"start":{"line":45,"column":9},"end":{"line":45,"column":23}},"loc":{"start":{"line":45,"column":29},"end":{"line":88,"column":1}},"line":45},"2":{"name":"(anonymous_2)","decl":{"start":{"line":50,"column":12},"end":{"line":50,"column":13}},"loc":{"start":{"line":50,"column":18},"end":{"line":55,"column":3}},"line":50},"3":{"name":"flipper","decl":{"start":{"line":57,"column":11},"end":{"line":57,"column":18}},"loc":{"start":{"line":57,"column":24},"end":{"line":71,"column":3}},"line":57},"4":{"name":"(anonymous_4)","decl":{"start":{"line":77,"column":30},"end":{"line":77,"column":31}},"loc":{"start":{"line":77,"column":36},"end":{"line":77,"column":47}},"line":77},"5":{"name":"(anonymous_5)","decl":{"start":{"line":81,"column":31},"end":{"line":81,"column":32}},"loc":{"start":{"line":81,"column":37},"end":{"line":81,"column":47}},"line":81}},"branchMap":{"0":{"loc":{"start":{"line":51,"column":4},"end":{"line":54,"column":5}},"type":"if","locations":[{"start":{"line":51,"column":4},"end":{"line":54,"column":5}},{"start":{},"end":{}}],"line":51},"1":{"loc":{"start":{"line":58,"column":4},"end":{"line":70,"column":5}},"type":"if","locations":[{"start":{"line":58,"column":4},"end":{"line":70,"column":5}},{"start":{"line":64,"column":11},"end":{"line":70,"column":5}}],"line":58},"2":{"loc":{"start":{"line":59,"column":6},"end":{"line":63,"column":7}},"type":"if","locations":[{"start":{"line":59,"column":6},"end":{"line":63,"column":7}},{"start":{"line":61,"column":13},"end":{"line":63,"column":7}}],"line":59},"3":{"loc":{"start":{"line":61,"column":13},"end":{"line":63,"column":7}},"type":"if","locations":[{"start":{"line":61,"column":13},"end":{"line":63,"column":7}},{"start":{},"end":{}}],"line":61},"4":{"loc":{"start":{"line":64,"column":11},"end":{"line":70,"column":5}},"type":"if","locations":[{"start":{"line":64,"column":11},"end":{"line":70,"column":5}},{"start":{},"end":{}}],"line":64},"5":{"loc":{"start":{"line":65,"column":6},"end":{"line":69,"column":7}},"type":"if","locations":[{"start":{"line":65,"column":6},"end":{"line":69,"column":7}},{"start":{"line":67,"column":13},"end":{"line":69,"column":7}}],"line":65},"6":{"loc":{"start":{"line":67,"column":13},"end":{"line":69,"column":7}},"type":"if","locations":[{"start":{"line":67,"column":13},"end":{"line":69,"column":7}},{"start":{},"end":{}}],"line":67},"7":{"loc":{"start":{"line":75,"column":7},"end":{"line":85,"column":7}},"type":"binary-expr","locations":[{"start":{"line":75,"column":7},"end":{"line":75,"column":24}},{"start":{"line":76,"column":8},"end":{"line":84,"column":24}}],"line":75}},"s":{"0":1,"1":1,"2":0,"3":1,"4":1,"5":1,"6":0,"7":0,"8":0,"9":0,"10":0,"11":0,"12":0,"13":0,"14":0,"15":0,"16":0,"17":0,"18":0,"19":0,"20":0,"21":0,"22":0,"23":0,"24":0,"25":0},"f":{"0":0,"1":0,"2":0,"3":0,"4":0,"5":0},"b":{"0":[0,0],"1":[0,0],"2":[0,0],"3":[0,0],"4":[0,0],"5":[0,0],"6":[0,0],"7":[0,0]},"_coverageSchema":"1a1c01bbd47fc00a2c39e90264f33305004495a9","hash":"0b2e53e3130c8b64aad6a86794988d6a314c1711"}
,"/home/alexshiao99/hackreactor/FEC/client/src/Components/Overview/ProductOverview.jsx": {"path":"/home/alexshiao99/hackreactor/FEC/client/src/Components/Overview/ProductOverview.jsx","statementMap":{"0":{"start":{"line":5,"column":26},"end":{"line":5,"column":53}},"1":{"start":{"line":6,"column":2},"end":{"line":11,"column":4}}},"fnMap":{"0":{"name":"ProductOverview","decl":{"start":{"line":4,"column":9},"end":{"line":4,"column":24}},"loc":{"start":{"line":4,"column":27},"end":{"line":12,"column":1}},"line":4}},"branchMap":{},"s":{"0":0,"1":0},"f":{"0":0},"b":{},"_coverageSchema":"1a1c01bbd47fc00a2c39e90264f33305004495a9","hash":"ef0a72580e475378e9969083a7350c8c08ad6e8b"}
,"/home/alexshiao99/hackreactor/FEC/client/src/Components/Overview/Selection.jsx": {"path":"/home/alexshiao99/hackreactor/FEC/client/src/Components/Overview/Selection.jsx","statementMap":{"0":{"start":{"line":5,"column":27},"end":{"line":7,"column":1}},"1":{"start":{"line":8,"column":26},"end":{"line":10,"column":1}},"2":{"start":{"line":12,"column":24},"end":{"line":14,"column":1}},"3":{"start":{"line":16,"column":17},"end":{"line":18,"column":1}},"4":{"start":{"line":20,"column":18},"end":{"line":22,"column":1}},"5":{"start":{"line":25,"column":26},"end":{"line":25,"column":38}},"6":{"start":{"line":26,"column":23},"end":{"line":26,"column":47}},"7":{"start":{"line":27,"column":28},"end":{"line":27,"column":44}},"8":{"start":{"line":28,"column":18},"end":{"line":28,"column":35}},"9":{"start":{"line":30,"column":2},"end":{"line":34,"column":17}},"10":{"start":{"line":31,"column":4},"end":{"line":33,"column":5}},"11":{"start":{"line":32,"column":6},"end":{"line":32,"column":29}},"12":{"start":{"line":37,"column":4},"end":{"line":37,"column":56}},"13":{"start":{"line":37,"column":49},"end":{"line":37,"column":54}},"14":{"start":{"line":41,"column":4},"end":{"line":45,"column":5}},"15":{"start":{"line":42,"column":6},"end":{"line":42,"column":23}},"16":{"start":{"line":44,"column":6},"end":{"line":44,"column":59}},"17":{"start":{"line":48,"column":2},"end":{"line":71,"column":4}},"18":{"start":{"line":54,"column":39},"end":{"line":54,"column":52}},"19":{"start":{"line":56,"column":36},"end":{"line":56,"column":91}},"20":{"start":{"line":61,"column":34},"end":{"line":61,"column":80}}},"fnMap":{"0":{"name":"Selection","decl":{"start":{"line":24,"column":9},"end":{"line":24,"column":18}},"loc":{"start":{"line":24,"column":24},"end":{"line":72,"column":1}},"line":24},"1":{"name":"(anonymous_1)","decl":{"start":{"line":30,"column":12},"end":{"line":30,"column":13}},"loc":{"start":{"line":30,"column":18},"end":{"line":34,"column":3}},"line":30},"2":{"name":"quantityArr","decl":{"start":{"line":36,"column":11},"end":{"line":36,"column":22}},"loc":{"start":{"line":36,"column":28},"end":{"line":38,"column":3}},"line":36},"3":{"name":"(anonymous_3)","decl":{"start":{"line":37,"column":39},"end":{"line":37,"column":40}},"loc":{"start":{"line":37,"column":49},"end":{"line":37,"column":54}},"line":37},"4":{"name":"sizeSelect","decl":{"start":{"line":40,"column":11},"end":{"line":40,"column":21}},"loc":{"start":{"line":40,"column":25},"end":{"line":46,"column":3}},"line":40},"5":{"name":"(anonymous_5)","decl":{"start":{"line":54,"column":32},"end":{"line":54,"column":33}},"loc":{"start":{"line":54,"column":39},"end":{"line":54,"column":52}},"line":54},"6":{"name":"(anonymous_6)","decl":{"start":{"line":56,"column":27},"end":{"line":56,"column":28}},"loc":{"start":{"line":56,"column":36},"end":{"line":56,"column":91}},"line":56},"7":{"name":"(anonymous_7)","decl":{"start":{"line":61,"column":25},"end":{"line":61,"column":26}},"loc":{"start":{"line":61,"column":34},"end":{"line":61,"column":80}},"line":61}},"branchMap":{"0":{"loc":{"start":{"line":31,"column":4},"end":{"line":33,"column":5}},"type":"if","locations":[{"start":{"line":31,"column":4},"end":{"line":33,"column":5}},{"start":{},"end":{}}],"line":31},"1":{"loc":{"start":{"line":41,"column":4},"end":{"line":45,"column":5}},"type":"if","locations":[{"start":{"line":41,"column":4},"end":{"line":45,"column":5}},{"start":{"line":43,"column":11},"end":{"line":45,"column":5}}],"line":41}},"s":{"0":1,"1":1,"2":1,"3":1,"4":1,"5":0,"6":0,"7":0,"8":0,"9":0,"10":0,"11":0,"12":0,"13":0,"14":0,"15":0,"16":0,"17":0,"18":0,"19":0,"20":0},"f":{"0":0,"1":0,"2":0,"3":0,"4":0,"5":0,"6":0,"7":0},"b":{"0":[0,0],"1":[0,0]},"_coverageSchema":"1a1c01bbd47fc00a2c39e90264f33305004495a9","hash":"d336eaf111981573f0fe4b8cdc1e9cdcf33074ed"}
,"/home/alexshiao99/hackreactor/FEC/client/src/Components/Overview/Socials.jsx": {"path":"/home/alexshiao99/hackreactor/FEC/client/src/Components/Overview/Socials.jsx","statementMap":{"0":{"start":{"line":4,"column":17},"end":{"line":12,"column":1}},"1":{"start":{"line":7,"column":33},"end":{"line":7,"column":46}},"2":{"start":{"line":14,"column":16},"end":{"line":22,"column":1}},"3":{"start":{"line":17,"column":33},"end":{"line":17,"column":46}},"4":{"start":{"line":24,"column":18},"end":{"line":32,"column":1}},"5":{"start":{"line":27,"column":33},"end":{"line":27,"column":46}},"6":{"start":{"line":34,"column":24},"end":{"line":40,"column":1}},"7":{"start":{"line":43,"column":2},"end":{"line":52,"column":4}}},"fnMap":{"0":{"name":"(anonymous_0)","decl":{"start":{"line":7,"column":20},"end":{"line":7,"column":21}},"loc":{"start":{"line":7,"column":33},"end":{"line":7,"column":46}},"line":7},"1":{"name":"(anonymous_1)","decl":{"start":{"line":17,"column":20},"end":{"line":17,"column":21}},"loc":{"start":{"line":17,"column":33},"end":{"line":17,"column":46}},"line":17},"2":{"name":"(anonymous_2)","decl":{"start":{"line":27,"column":20},"end":{"line":27,"column":21}},"loc":{"start":{"line":27,"column":33},"end":{"line":27,"column":46}},"line":27},"3":{"name":"Socials","decl":{"start":{"line":42,"column":9},"end":{"line":42,"column":16}},"loc":{"start":{"line":42,"column":19},"end":{"line":53,"column":1}},"line":42}},"branchMap":{},"s":{"0":1,"1":0,"2":1,"3":0,"4":1,"5":0,"6":1,"7":0},"f":{"0":0,"1":0,"2":0,"3":0},"b":{},"_coverageSchema":"1a1c01bbd47fc00a2c39e90264f33305004495a9","hash":"38e0889c940f6503b41c3da1bc96c4e5c8227ace"}
,"/home/alexshiao99/hackreactor/FEC/client/src/Components/Overview/Styles.jsx": {"path":"/home/alexshiao99/hackreactor/FEC/client/src/Components/Overview/Styles.jsx","statementMap":{"0":{"start":{"line":4,"column":24},"end":{"line":6,"column":1}},"1":{"start":{"line":8,"column":18},"end":{"line":12,"column":1}},"2":{"start":{"line":14,"column":18},"end":{"line":25,"column":1}},"3":{"start":{"line":17,"column":33},"end":{"line":17,"column":46}},"4":{"start":{"line":29,"column":4},"end":{"line":29,"column":22}},"5":{"start":{"line":32,"column":2},"end":{"line":38,"column":4}},"6":{"start":{"line":35,"column":70},"end":{"line":35,"column":88}}},"fnMap":{"0":{"name":"(anonymous_0)","decl":{"start":{"line":17,"column":20},"end":{"line":17,"column":21}},"loc":{"start":{"line":17,"column":33},"end":{"line":17,"column":46}},"line":17},"1":{"name":"Styles","decl":{"start":{"line":27,"column":9},"end":{"line":27,"column":15}},"loc":{"start":{"line":27,"column":40},"end":{"line":39,"column":1}},"line":27},"2":{"name":"handleClick","decl":{"start":{"line":28,"column":11},"end":{"line":28,"column":22}},"loc":{"start":{"line":28,"column":29},"end":{"line":30,"column":3}},"line":28},"3":{"name":"(anonymous_3)","decl":{"start":{"line":35,"column":64},"end":{"line":35,"column":65}},"loc":{"start":{"line":35,"column":70},"end":{"line":35,"column":88}},"line":35}},"branchMap":{},"s":{"0":1,"1":1,"2":1,"3":0,"4":0,"5":0,"6":0},"f":{"0":0,"1":0,"2":0,"3":0},"b":{},"_coverageSchema":"1a1c01bbd47fc00a2c39e90264f33305004495a9","hash":"484601c6d42d891da845a19e8c839ffc776b5399"}
,"/home/alexshiao99/hackreactor/FEC/client/src/Components/Overview/index.jsx": {"path":"/home/alexshiao99/hackreactor/FEC/client/src/Components/Overview/index.jsx","statementMap":{"0":{"start":{"line":16,"column":23},"end":{"line":23,"column":1}},"1":{"start":{"line":24,"column":15},"end":{"line":29,"column":1}},"2":{"start":{"line":30,"column":16},"end":{"line":34,"column":1}},"3":{"start":{"line":35,"column":14},"end":{"line":39,"column":1}},"4":{"start":{"line":40,"column":16},"end":{"line":45,"column":1}},"5":{"start":{"line":46,"column":13},"end":{"line":48,"column":1}},"6":{"start":{"line":50,"column":14},"end":{"line":52,"column":1}},"7":{"start":{"line":53,"column":19},"end":{"line":56,"column":1}},"8":{"start":{"line":58,"column":15},"end":{"line":66,"column":1}},"9":{"start":{"line":67,"column":18},"end":{"line":69,"column":1}},"10":{"start":{"line":70,"column":15},"end":{"line":73,"column":1}},"11":{"start":{"line":76,"column":26},"end":{"line":76,"column":53}},"12":{"start":{"line":77,"column":23},"end":{"line":77,"column":47}},"13":{"start":{"line":79,"column":2},"end":{"line":121,"column":4}},"14":{"start":{"line":104,"column":37},"end":{"line":104,"column":108}}},"fnMap":{"0":{"name":"Overview","decl":{"start":{"line":75,"column":9},"end":{"line":75,"column":17}},"loc":{"start":{"line":75,"column":43},"end":{"line":122,"column":1}},"line":75},"1":{"name":"(anonymous_1)","decl":{"start":{"line":104,"column":26},"end":{"line":104,"column":27}},"loc":{"start":{"line":104,"column":37},"end":{"line":104,"column":108}},"line":104}},"branchMap":{},"s":{"0":1,"1":1,"2":1,"3":1,"4":1,"5":1,"6":1,"7":1,"8":1,"9":1,"10":1,"11":0,"12":0,"13":0,"14":0},"f":{"0":0,"1":0},"b":{},"_coverageSchema":"1a1c01bbd47fc00a2c39e90264f33305004495a9","hash":"5cbc61cb4cbcb4b7071ab19db4202712b29cb12d"}
,"/home/alexshiao99/hackreactor/FEC/client/src/Components/Related/Modal.jsx": {"path":"/home/alexshiao99/hackreactor/FEC/client/src/Components/Related/Modal.jsx","statementMap":{"0":{"start":{"line":11,"column":14},"end":{"line":53,"column":1}},"1":{"start":{"line":12,"column":20},"end":{"line":12,"column":22}},"2":{"start":{"line":13,"column":16},"end":{"line":13,"column":30}},"3":{"start":{"line":14,"column":15},"end":{"line":14,"column":29}},"4":{"start":{"line":15,"column":2},"end":{"line":20,"column":3}},"5":{"start":{"line":15,"column":15},"end":{"line":15,"column":16}},"6":{"start":{"line":16,"column":19},"end":{"line":16,"column":48}},"7":{"start":{"line":17,"column":4},"end":{"line":19,"column":6}},"8":{"start":{"line":18,"column":6},"end":{"line":18,"column":59}},"9":{"start":{"line":21,"column":24},"end":{"line":21,"column":51}},"10":{"start":{"line":22,"column":21},"end":{"line":22,"column":45}},"11":{"start":{"line":24,"column":2},"end":{"line":52,"column":5}},"12":{"start":{"line":43,"column":16},"end":{"line":43,"column":98}},"13":{"start":{"line":47,"column":36},"end":{"line":47,"column":50}}},"fnMap":{"0":{"name":"(anonymous_0)","decl":{"start":{"line":11,"column":14},"end":{"line":11,"column":15}},"loc":{"start":{"line":11,"column":59},"end":{"line":53,"column":1}},"line":11},"1":{"name":"(anonymous_1)","decl":{"start":{"line":17,"column":21},"end":{"line":17,"column":22}},"loc":{"start":{"line":17,"column":34},"end":{"line":19,"column":5}},"line":17},"2":{"name":"(anonymous_2)","decl":{"start":{"line":42,"column":31},"end":{"line":42,"column":32}},"loc":{"start":{"line":42,"column":51},"end":{"line":44,"column":15}},"line":42},"3":{"name":"(anonymous_3)","decl":{"start":{"line":47,"column":30},"end":{"line":47,"column":31}},"loc":{"start":{"line":47,"column":36},"end":{"line":47,"column":50}},"line":47}},"branchMap":{"0":{"loc":{"start":{"line":25,"column":7},"end":{"line":50,"column":12}},"type":"cond-expr","locations":[{"start":{"line":26,"column":7},"end":{"line":49,"column":19}},{"start":{"line":50,"column":8},"end":{"line":50,"column":12}}],"line":25},"1":{"loc":{"start":{"line":26,"column":26},"end":{"line":26,"column":54}},"type":"cond-expr","locations":[{"start":{"line":26,"column":38},"end":{"line":26,"column":45}},{"start":{"line":26,"column":48},"end":{"line":26,"column":54}}],"line":26},"2":{"loc":{"start":{"line":38,"column":36},"end":{"line":38,"column":90}},"type":"binary-expr","locations":[{"start":{"line":38,"column":36},"end":{"line":38,"column":66}},{"start":{"line":38,"column":70},"end":{"line":38,"column":90}}],"line":38}},"s":{"0":1,"1":0,"2":0,"3":0,"4":0,"5":0,"6":0,"7":0,"8":0,"9":0,"10":0,"11":0,"12":0,"13":0},"f":{"0":0,"1":0,"2":0,"3":0},"b":{"0":[0,0],"1":[0,0],"2":[0,0]},"_coverageSchema":"1a1c01bbd47fc00a2c39e90264f33305004495a9","hash":"ac1b1008aaa564ab8c4c35fb5e264f6827afe275"}
,"/home/alexshiao99/hackreactor/FEC/client/src/Components/Related/ModalTableEntry.jsx": {"path":"/home/alexshiao99/hackreactor/FEC/client/src/Components/Related/ModalTableEntry.jsx","statementMap":{"0":{"start":{"line":4,"column":24},"end":{"line":23,"column":1}},"1":{"start":{"line":5,"column":14},"end":{"line":5,"column":16}},"2":{"start":{"line":6,"column":2},"end":{"line":9,"column":4}},"3":{"start":{"line":7,"column":17},"end":{"line":7,"column":39}},"4":{"start":{"line":8,"column":4},"end":{"line":8,"column":33}},"5":{"start":{"line":10,"column":15},"end":{"line":10,"column":17}},"6":{"start":{"line":11,"column":2},"end":{"line":14,"column":4}},"7":{"start":{"line":12,"column":17},"end":{"line":12,"column":39}},"8":{"start":{"line":13,"column":4},"end":{"line":13,"column":34}},"9":{"start":{"line":16,"column":2},"end":{"line":22,"column":3}}},"fnMap":{"0":{"name":"(anonymous_0)","decl":{"start":{"line":4,"column":24},"end":{"line":4,"column":25}},"loc":{"start":{"line":4,"column":54},"end":{"line":23,"column":1}},"line":4},"1":{"name":"(anonymous_1)","decl":{"start":{"line":6,"column":25},"end":{"line":6,"column":26}},"loc":{"start":{"line":6,"column":38},"end":{"line":9,"column":3}},"line":6},"2":{"name":"(anonymous_2)","decl":{"start":{"line":11,"column":25},"end":{"line":11,"column":26}},"loc":{"start":{"line":11,"column":38},"end":{"line":14,"column":3}},"line":11}},"branchMap":{"0":{"loc":{"start":{"line":18,"column":11},"end":{"line":18,"column":67}},"type":"binary-expr","locations":[{"start":{"line":18,"column":11},"end":{"line":18,"column":25}},{"start":{"line":18,"column":29},"end":{"line":18,"column":67}}],"line":18},"1":{"loc":{"start":{"line":20,"column":11},"end":{"line":20,"column":36}},"type":"binary-expr","locations":[{"start":{"line":20,"column":11},"end":{"line":20,"column":26}},{"start":{"line":20,"column":30},"end":{"line":20,"column":36}}],"line":20}},"s":{"0":1,"1":0,"2":0,"3":0,"4":0,"5":0,"6":0,"7":0,"8":0,"9":0},"f":{"0":0,"1":0,"2":0},"b":{"0":[0,0],"1":[0,0]},"_coverageSchema":"1a1c01bbd47fc00a2c39e90264f33305004495a9","hash":"6b1ecefdd32db1c8cb23f20e7e787c870f485530"}
,"/home/alexshiao99/hackreactor/FEC/client/src/Components/Related/ProductCard.jsx": {"path":"/home/alexshiao99/hackreactor/FEC/client/src/Components/Related/ProductCard.jsx","statementMap":{"0":{"start":{"line":12,"column":18},"end":{"line":46,"column":1}},"1":{"start":{"line":14,"column":27},"end":{"line":14,"column":54}},"2":{"start":{"line":16,"column":15},"end":{"line":37,"column":3}},"3":{"start":{"line":17,"column":4},"end":{"line":36,"column":5}},"4":{"start":{"line":18,"column":6},"end":{"line":23,"column":7}},"5":{"start":{"line":19,"column":50},"end":{"line":19,"column":61}},"6":{"start":{"line":24,"column":11},"end":{"line":36,"column":5}},"7":{"start":{"line":25,"column":6},"end":{"line":35,"column":7}},"8":{"start":{"line":27,"column":98},"end":{"line":27,"column":121}},"9":{"start":{"line":28,"column":37},"end":{"line":28,"column":52}},"10":{"start":{"line":39,"column":2},"end":{"line":43,"column":3}}},"fnMap":{"0":{"name":"(anonymous_0)","decl":{"start":{"line":12,"column":18},"end":{"line":12,"column":19}},"loc":{"start":{"line":12,"column":137},"end":{"line":46,"column":1}},"line":12},"1":{"name":"(anonymous_1)","decl":{"start":{"line":16,"column":15},"end":{"line":16,"column":16}},"loc":{"start":{"line":16,"column":21},"end":{"line":37,"column":3}},"line":16},"2":{"name":"(anonymous_2)","decl":{"start":{"line":19,"column":44},"end":{"line":19,"column":45}},"loc":{"start":{"line":19,"column":50},"end":{"line":19,"column":61}},"line":19},"3":{"name":"(anonymous_3)","decl":{"start":{"line":27,"column":91},"end":{"line":27,"column":92}},"loc":{"start":{"line":27,"column":97},"end":{"line":27,"column":122}},"line":27},"4":{"name":"(anonymous_4)","decl":{"start":{"line":28,"column":31},"end":{"line":28,"column":32}},"loc":{"start":{"line":28,"column":37},"end":{"line":28,"column":52}},"line":28}},"branchMap":{"0":{"loc":{"start":{"line":17,"column":4},"end":{"line":36,"column":5}},"type":"if","locations":[{"start":{"line":17,"column":4},"end":{"line":36,"column":5}},{"start":{"line":24,"column":11},"end":{"line":36,"column":5}}],"line":17},"1":{"loc":{"start":{"line":24,"column":11},"end":{"line":36,"column":5}},"type":"if","locations":[{"start":{"line":24,"column":11},"end":{"line":36,"column":5}},{"start":{},"end":{}}],"line":24},"2":{"loc":{"start":{"line":27,"column":26},"end":{"line":27,"column":80}},"type":"binary-expr","locations":[{"start":{"line":27,"column":26},"end":{"line":27,"column":56}},{"start":{"line":27,"column":60},"end":{"line":27,"column":80}}],"line":27},"3":{"loc":{"start":{"line":29,"column":11},"end":{"line":29,"column":155}},"type":"cond-expr","locations":[{"start":{"line":29,"column":23},"end":{"line":29,"column":148}},{"start":{"line":29,"column":151},"end":{"line":29,"column":155}}],"line":29}},"s":{"0":1,"1":1,"2":1,"3":1,"4":0,"5":0,"6":1,"7":0,"8":0,"9":0,"10":1},"f":{"0":1,"1":1,"2":0,"3":0,"4":0},"b":{"0":[0,1],"1":[0,1],"2":[0,0],"3":[0,0]},"_coverageSchema":"1a1c01bbd47fc00a2c39e90264f33305004495a9","hash":"6a6c2f0c024e3f06ea876a8d09a4991f10aa5d79"}
,"/home/alexshiao99/hackreactor/FEC/client/src/Components/Related/StyledComps/ButtonStyle.js": {"path":"/home/alexshiao99/hackreactor/FEC/client/src/Components/Related/StyledComps/ButtonStyle.js","statementMap":{"0":{"start":{"line":3,"column":26},"end":{"line":5,"column":1}}},"fnMap":{},"branchMap":{},"s":{"0":1},"f":{},"b":{},"_coverageSchema":"1a1c01bbd47fc00a2c39e90264f33305004495a9","hash":"3eb3469e377b3a189f8e147d530aa929de5b7892"}
,"/home/alexshiao99/hackreactor/FEC/client/src/Components/Related/StyledComps/CardStyle.js": {"path":"/home/alexshiao99/hackreactor/FEC/client/src/Components/Related/StyledComps/CardStyle.js","statementMap":{"0":{"start":{"line":4,"column":20},"end":{"line":16,"column":1}}},"fnMap":{},"branchMap":{},"s":{"0":1},"f":{},"b":{},"_coverageSchema":"1a1c01bbd47fc00a2c39e90264f33305004495a9","hash":"46919505f012ee803a3ab9a57ca757d52c55db51"}
,"/home/alexshiao99/hackreactor/FEC/client/src/Components/Related/StyledComps/CategoryStyle.js": {"path":"/home/alexshiao99/hackreactor/FEC/client/src/Components/Related/StyledComps/CategoryStyle.js","statementMap":{"0":{"start":{"line":3,"column":24},"end":{"line":5,"column":1}}},"fnMap":{},"branchMap":{},"s":{"0":1},"f":{},"b":{},"_coverageSchema":"1a1c01bbd47fc00a2c39e90264f33305004495a9","hash":"6cae862b111c0b24a8fe9b13fa956ad1b8b8c2d8"}
,"/home/alexshiao99/hackreactor/FEC/client/src/Components/Related/StyledComps/ImageStyle.js": {"path":"/home/alexshiao99/hackreactor/FEC/client/src/Components/Related/StyledComps/ImageStyle.js","statementMap":{"0":{"start":{"line":3,"column":25},"end":{"line":8,"column":1}}},"fnMap":{},"branchMap":{},"s":{"0":1},"f":{},"b":{},"_coverageSchema":"1a1c01bbd47fc00a2c39e90264f33305004495a9","hash":"3ad45310f292148068b477485f34c83878cdb563"}
,"/home/alexshiao99/hackreactor/FEC/client/src/Components/Related/StyledComps/ModalContentStyle.js": {"path":"/home/alexshiao99/hackreactor/FEC/client/src/Components/Related/StyledComps/ModalContentStyle.js","statementMap":{"0":{"start":{"line":3,"column":28},"end":{"line":16,"column":1}}},"fnMap":{},"branchMap":{},"s":{"0":1},"f":{},"b":{},"_coverageSchema":"1a1c01bbd47fc00a2c39e90264f33305004495a9","hash":"4a11806c98eb8938e09e25531d35a17bd7fe74c8"}
,"/home/alexshiao99/hackreactor/FEC/client/src/Components/Related/StyledComps/ModalStyle.js": {"path":"/home/alexshiao99/hackreactor/FEC/client/src/Components/Related/StyledComps/ModalStyle.js","statementMap":{"0":{"start":{"line":3,"column":26},"end":{"line":15,"column":1}}},"fnMap":{},"branchMap":{},"s":{"0":1},"f":{},"b":{},"_coverageSchema":"1a1c01bbd47fc00a2c39e90264f33305004495a9","hash":"eba58c28cedd34138894c72238f1ca8cfe284b99"}
,"/home/alexshiao99/hackreactor/FEC/client/src/Components/Related/StyledComps/NameStyle.js": {"path":"/home/alexshiao99/hackreactor/FEC/client/src/Components/Related/StyledComps/NameStyle.js","statementMap":{"0":{"start":{"line":3,"column":24},"end":{"line":6,"column":1}}},"fnMap":{},"branchMap":{},"s":{"0":1},"f":{},"b":{},"_coverageSchema":"1a1c01bbd47fc00a2c39e90264f33305004495a9","hash":"28e52c9e3a573d4167e678a7059f5e4cd84d8c2a"}
,"/home/alexshiao99/hackreactor/FEC/client/src/Components/Related/StyledComps/NoFeatureIconStyle.js": {"path":"/home/alexshiao99/hackreactor/FEC/client/src/Components/Related/StyledComps/NoFeatureIconStyle.js","statementMap":{"0":{"start":{"line":3,"column":25},"end":{"line":8,"column":1}}},"fnMap":{},"branchMap":{},"s":{"0":1},"f":{},"b":{},"_coverageSchema":"1a1c01bbd47fc00a2c39e90264f33305004495a9","hash":"edc2af70cf28e29e6442ea8cd4531d067a95a132"}
,"/home/alexshiao99/hackreactor/FEC/client/src/Components/Related/StyledComps/PriceStyle.js": {"path":"/home/alexshiao99/hackreactor/FEC/client/src/Components/Related/StyledComps/PriceStyle.js","statementMap":{"0":{"start":{"line":3,"column":21},"end":{"line":5,"column":1}}},"fnMap":{},"branchMap":{},"s":{"0":1},"f":{},"b":{},"_coverageSchema":"1a1c01bbd47fc00a2c39e90264f33305004495a9","hash":"9c42f7aac4b41729a9d66efecdd5313517e1c8f8"}
,"/home/alexshiao99/hackreactor/FEC/client/src/Components/Related/StyledComps/SalePriceStyle.js": {"path":"/home/alexshiao99/hackreactor/FEC/client/src/Components/Related/StyledComps/SalePriceStyle.js","statementMap":{"0":{"start":{"line":3,"column":25},"end":{"line":9,"column":1}}},"fnMap":{},"branchMap":{},"s":{"0":1},"f":{},"b":{},"_coverageSchema":"1a1c01bbd47fc00a2c39e90264f33305004495a9","hash":"5987f99ceec21c54facb55cfc0ce844003cf20b7"}
,"/home/alexshiao99/hackreactor/FEC/client/src/Components/Related/StyledComps/TableStyle.js": {"path":"/home/alexshiao99/hackreactor/FEC/client/src/Components/Related/StyledComps/TableStyle.js","statementMap":{"0":{"start":{"line":3,"column":26},"end":{"line":38,"column":1}}},"fnMap":{},"branchMap":{},"s":{"0":1},"f":{},"b":{},"_coverageSchema":"1a1c01bbd47fc00a2c39e90264f33305004495a9","hash":"b8bf46389ebe5a456aa0943c2bd91040c0e46101"}
,"/home/alexshiao99/hackreactor/FEC/client/src/Components/Reviews/stars.jsx": {"path":"/home/alexshiao99/hackreactor/FEC/client/src/Components/Reviews/stars.jsx","statementMap":{"0":{"start":{"line":9,"column":13},"end":{"line":28,"column":1}},"1":{"start":{"line":10,"column":22},"end":{"line":18,"column":3}},"2":{"start":{"line":11,"column":4},"end":{"line":17,"column":5}},"3":{"start":{"line":12,"column":6},"end":{"line":12,"column":70}},"4":{"start":{"line":13,"column":11},"end":{"line":17,"column":5}},"5":{"start":{"line":14,"column":6},"end":{"line":14,"column":70}},"6":{"start":{"line":16,"column":6},"end":{"line":16,"column":72}},"7":{"start":{"line":19,"column":2},"end":{"line":27,"column":4}}},"fnMap":{"0":{"name":"bob","decl":{"start":{"line":9,"column":22},"end":{"line":9,"column":25}},"loc":{"start":{"line":9,"column":38},"end":{"line":28,"column":1}},"line":9},"1":{"name":"(anonymous_1)","decl":{"start":{"line":10,"column":22},"end":{"line":10,"column":23}},"loc":{"start":{"line":10,"column":35},"end":{"line":18,"column":3}},"line":10}},"branchMap":{"0":{"loc":{"start":{"line":11,"column":4},"end":{"line":17,"column":5}},"type":"if","locations":[{"start":{"line":11,"column":4},"end":{"line":17,"column":5}},{"start":{"line":13,"column":11},"end":{"line":17,"column":5}}],"line":11},"1":{"loc":{"start":{"line":13,"column":11},"end":{"line":17,"column":5}},"type":"if","locations":[{"start":{"line":13,"column":11},"end":{"line":17,"column":5}},{"start":{"line":15,"column":11},"end":{"line":17,"column":5}}],"line":13}},"s":{"0":2,"1":0,"2":0,"3":0,"4":0,"5":0,"6":0,"7":0},"f":{"0":0,"1":0},"b":{"0":[0,0],"1":[0,0]},"_coverageSchema":"1a1c01bbd47fc00a2c39e90264f33305004495a9","hash":"b9d00b961d1cbf620663ad93344320f31faf22b4"}
,"/home/alexshiao99/hackreactor/FEC/client/src/Components/Reviews/css/container.js": {"path":"/home/alexshiao99/hackreactor/FEC/client/src/Components/Reviews/css/container.js","statementMap":{"0":{"start":{"line":3,"column":12},"end":{"line":28,"column":1}}},"fnMap":{},"branchMap":{},"s":{"0":2},"f":{},"b":{},"_coverageSchema":"1a1c01bbd47fc00a2c39e90264f33305004495a9","hash":"bec64f31249b9b9c71e163c561d1f450fec1de98"}
,"/home/alexshiao99/hackreactor/FEC/client/src/Contexts/CurProdContext.js": {"path":"/home/alexshiao99/hackreactor/FEC/client/src/Contexts/CurProdContext.js","statementMap":{"0":{"start":{"line":3,"column":22},"end":{"line":3,"column":39}}},"fnMap":{},"branchMap":{},"s":{"0":2},"f":{},"b":{},"_coverageSchema":"1a1c01bbd47fc00a2c39e90264f33305004495a9","hash":"1aca3f5dbdb0704c28bd0f30329b861e8ae05f60"}
,"/home/alexshiao99/hackreactor/FEC/client/src/Contexts/CurStyleContext.js": {"path":"/home/alexshiao99/hackreactor/FEC/client/src/Contexts/CurStyleContext.js","statementMap":{"0":{"start":{"line":3,"column":19},"end":{"line":3,"column":36}}},"fnMap":{},"branchMap":{},"s":{"0":2},"f":{},"b":{},"_coverageSchema":"1a1c01bbd47fc00a2c39e90264f33305004495a9","hash":"e33a12b78a29baaa1b2a75123dc79e13844d5dfe"}
}
