TN:
SF:client/src/Components/renderRating.jsx
FN:9,RenderRating
FN:13,sum
FN:28,getRatings
FN:30,(anonymous_3)
FN:33,(anonymous_4)
FN:36,(anonymous_5)
FNF:6
FNH:0
FNDA:0,RenderRating
FNDA:0,sum
FNDA:0,getRatings
FNDA:0,(anonymous_3)
FNDA:0,(anonymous_4)
FNDA:0,(anonymous_5)
DA:7,2
DA:9,2
DA:10,0
DA:13,0
DA:14,0
DA:15,0
DA:16,0
DA:18,0
DA:19,0
DA:20,0
DA:24,0
DA:28,0
DA:29,0
DA:31,0
DA:33,0
DA:36,0
DA:37,0
DA:38,0
DA:42,0
LF:19
LH:2
BRDA:18,0,0,0
BRDA:18,0,1,0
BRDA:37,1,0,0
BRDA:37,1,1,0
BRF:4
BRH:0
end_of_record
TN:
SF:client/src/Components/Overview/LogoCart.jsx
FN:13,(anonymous_0)
FN:22,(anonymous_1)
FN:27,LogoCart
FNF:3
FNH:0
FNDA:0,(anonymous_0)
FNDA:0,(anonymous_1)
FNDA:0,LogoCart
DA:4,1
DA:9,1
DA:13,0
DA:18,1
DA:22,0
DA:28,0
LF:6
LH:3
BRF:0
BRH:0
end_of_record
TN:
SF:client/src/Components/Overview/ProductGallery.jsx
FN:18,(anonymous_0)
FN:45,ProductGallery
FN:50,(anonymous_2)
FN:57,flipper
FN:77,(anonymous_4)
FN:81,(anonymous_5)
FNF:6
FNH:0
FNDA:0,(anonymous_0)
FNDA:0,ProductGallery
FNDA:0,(anonymous_2)
FNDA:0,flipper
FNDA:0,(anonymous_4)
FNDA:0,(anonymous_5)
DA:5,1
DA:11,1
DA:18,0
DA:21,1
DA:30,1
DA:40,1
DA:46,0
DA:47,0
DA:48,0
DA:50,0
DA:51,0
DA:52,0
DA:53,0
DA:58,0
DA:59,0
DA:60,0
DA:61,0
DA:62,0
DA:64,0
DA:65,0
DA:66,0
DA:67,0
DA:68,0
DA:73,0
DA:77,0
DA:81,0
LF:26
LH:5
BRDA:51,0,0,0
BRDA:51,0,1,0
BRDA:58,1,0,0
BRDA:58,1,1,0
BRDA:59,2,0,0
BRDA:59,2,1,0
BRDA:61,3,0,0
BRDA:61,3,1,0
BRDA:64,4,0,0
BRDA:64,4,1,0
BRDA:65,5,0,0
BRDA:65,5,1,0
BRDA:67,6,0,0
BRDA:67,6,1,0
BRDA:75,7,0,0
BRDA:75,7,1,0
BRF:16
BRH:0
end_of_record
TN:
SF:client/src/Components/Overview/ProductOverview.jsx
FN:4,ProductOverview
FNF:1
FNH:0
FNDA:0,ProductOverview
DA:5,0
DA:6,0
LF:2
LH:0
BRF:0
BRH:0
end_of_record
TN:
SF:client/src/Components/Overview/Selection.jsx
FN:24,Selection
FN:30,(anonymous_1)
FN:36,quantityArr
FN:37,(anonymous_3)
FN:40,sizeSelect
FN:54,(anonymous_5)
FN:56,(anonymous_6)
FN:61,(anonymous_7)
FNF:8
FNH:0
FNDA:0,Selection
FNDA:0,(anonymous_1)
FNDA:0,quantityArr
FNDA:0,(anonymous_3)
FNDA:0,sizeSelect
FNDA:0,(anonymous_5)
FNDA:0,(anonymous_6)
FNDA:0,(anonymous_7)
DA:5,1
DA:8,1
DA:12,1
DA:16,1
DA:20,1
DA:25,0
DA:26,0
DA:27,0
DA:28,0
DA:30,0
DA:31,0
DA:32,0
DA:37,0
DA:41,0
DA:42,0
DA:44,0
DA:48,0
DA:54,0
DA:56,0
DA:61,0
LF:20
LH:5
BRDA:31,0,0,0
BRDA:31,0,1,0
BRDA:41,1,0,0
BRDA:41,1,1,0
BRF:4
BRH:0
end_of_record
TN:
SF:client/src/Components/Overview/Socials.jsx
FN:7,(anonymous_0)
FN:17,(anonymous_1)
FN:27,(anonymous_2)
FN:42,Socials
FNF:4
FNH:0
FNDA:0,(anonymous_0)
FNDA:0,(anonymous_1)
FNDA:0,(anonymous_2)
FNDA:0,Socials
DA:4,1
DA:7,0
DA:14,1
DA:17,0
DA:24,1
DA:27,0
DA:34,1
DA:43,0
LF:8
LH:4
BRF:0
BRH:0
end_of_record
TN:
SF:client/src/Components/Overview/Styles.jsx
FN:17,(anonymous_0)
FN:27,Styles
FN:28,handleClick
FN:35,(anonymous_3)
FNF:4
FNH:0
FNDA:0,(anonymous_0)
FNDA:0,Styles
FNDA:0,handleClick
FNDA:0,(anonymous_3)
DA:4,1
DA:8,1
DA:14,1
DA:17,0
DA:29,0
DA:32,0
DA:35,0
LF:7
LH:3
BRF:0
BRH:0
end_of_record
TN:
SF:client/src/Components/Overview/index.jsx
FN:75,Overview
FN:104,(anonymous_1)
FNF:2
FNH:0
FNDA:0,Overview
FNDA:0,(anonymous_1)
DA:16,1
DA:24,1
DA:30,1
DA:35,1
DA:40,1
DA:46,1
DA:50,1
DA:53,1
DA:58,1
DA:67,1
DA:70,1
DA:76,0
DA:77,0
DA:79,0
DA:104,0
LF:15
LH:11
BRF:0
BRH:0
end_of_record
TN:
SF:client/src/Components/Related/Modal.jsx
FN:11,(anonymous_0)
FN:17,(anonymous_1)
FN:42,(anonymous_2)
FN:47,(anonymous_3)
FNF:4
FNH:0
FNDA:0,(anonymous_0)
FNDA:0,(anonymous_1)
FNDA:0,(anonymous_2)
FNDA:0,(anonymous_3)
DA:11,1
DA:12,0
DA:13,0
DA:14,0
DA:15,0
DA:16,0
DA:17,0
DA:18,0
DA:21,0
DA:22,0
DA:24,0
DA:43,0
DA:47,0
LF:13
LH:1
BRDA:25,0,0,0
BRDA:25,0,1,0
BRDA:26,1,0,0
BRDA:26,1,1,0
BRDA:38,2,0,0
BRDA:38,2,1,0
BRF:6
BRH:0
end_of_record
TN:
SF:client/src/Components/Related/ModalTableEntry.jsx
FN:4,(anonymous_0)
FN:6,(anonymous_1)
FN:11,(anonymous_2)
FNF:3
FNH:0
FNDA:0,(anonymous_0)
FNDA:0,(anonymous_1)
FNDA:0,(anonymous_2)
DA:4,1
DA:5,0
DA:6,0
DA:7,0
DA:8,0
DA:10,0
DA:11,0
DA:12,0
DA:13,0
DA:16,0
LF:10
LH:1
BRDA:18,0,0,0
BRDA:18,0,1,0
BRDA:20,1,0,0
BRDA:20,1,1,0
BRF:4
BRH:0
end_of_record
TN:
SF:client/src/Components/Related/ProductCard.jsx
FN:12,(anonymous_0)
FN:16,(anonymous_1)
FN:19,(anonymous_2)
FN:27,(anonymous_3)
FN:28,(anonymous_4)
FNF:5
FNH:2
FNDA:1,(anonymous_0)
FNDA:1,(anonymous_1)
FNDA:0,(anonymous_2)
FNDA:0,(anonymous_3)
FNDA:0,(anonymous_4)
DA:12,1
DA:14,1
DA:16,1
DA:17,1
DA:18,0
DA:19,0
DA:24,1
DA:25,0
DA:27,0
DA:28,0
DA:39,1
LF:11
LH:6
BRDA:17,0,0,0
BRDA:17,0,1,1
BRDA:24,1,0,0
BRDA:24,1,1,1
BRDA:27,2,0,0
BRDA:27,2,1,0
BRDA:29,3,0,0
BRDA:29,3,1,0
BRF:8
BRH:2
end_of_record
TN:
SF:client/src/Components/Related/StyledComps/ButtonStyle.js
FNF:0
FNH:0
DA:3,1
LF:1
LH:1
BRF:0
BRH:0
end_of_record
TN:
SF:client/src/Components/Related/StyledComps/CardStyle.js
FNF:0
FNH:0
DA:4,1
LF:1
LH:1
BRF:0
BRH:0
end_of_record
TN:
SF:client/src/Components/Related/StyledComps/CategoryStyle.js
FNF:0
FNH:0
DA:3,1
LF:1
LH:1
BRF:0
BRH:0
end_of_record
TN:
SF:client/src/Components/Related/StyledComps/ImageStyle.js
FNF:0
FNH:0
DA:3,1
LF:1
LH:1
BRF:0
BRH:0
end_of_record
TN:
SF:client/src/Components/Related/StyledComps/ModalContentStyle.js
FNF:0
FNH:0
DA:3,1
LF:1
LH:1
BRF:0
BRH:0
end_of_record
TN:
SF:client/src/Components/Related/StyledComps/ModalStyle.js
FNF:0
FNH:0
DA:3,1
LF:1
LH:1
BRF:0
BRH:0
end_of_record
TN:
SF:client/src/Components/Related/StyledComps/NameStyle.js
FNF:0
FNH:0
DA:3,1
LF:1
LH:1
BRF:0
BRH:0
end_of_record
TN:
SF:client/src/Components/Related/StyledComps/NoFeatureIconStyle.js
FNF:0
FNH:0
DA:3,1
LF:1
LH:1
BRF:0
BRH:0
end_of_record
TN:
SF:client/src/Components/Related/StyledComps/PriceStyle.js
FNF:0
FNH:0
DA:3,1
LF:1
LH:1
BRF:0
BRH:0
end_of_record
TN:
SF:client/src/Components/Related/StyledComps/SalePriceStyle.js
FNF:0
FNH:0
DA:3,1
LF:1
LH:1
BRF:0
BRH:0
end_of_record
TN:
SF:client/src/Components/Related/StyledComps/TableStyle.js
FNF:0
FNH:0
DA:3,1
LF:1
LH:1
BRF:0
BRH:0
end_of_record
TN:
SF:client/src/Components/Reviews/stars.jsx
FN:9,bob
FN:10,(anonymous_1)
FNF:2
FNH:0
FNDA:0,bob
FNDA:0,(anonymous_1)
DA:9,2
DA:10,0
DA:11,0
DA:12,0
DA:13,0
DA:14,0
DA:16,0
DA:19,0
LF:8
LH:1
BRDA:11,0,0,0
BRDA:11,0,1,0
BRDA:13,1,0,0
BRDA:13,1,1,0
BRF:4
BRH:0
end_of_record
TN:
SF:client/src/Components/Reviews/css/container.js
FNF:0
FNH:0
DA:3,2
LF:1
LH:1
BRF:0
BRH:0
end_of_record
TN:
SF:client/src/Contexts/CurProdContext.js
FNF:0
FNH:0
DA:3,2
LF:1
LH:1
BRF:0
BRH:0
end_of_record
TN:
SF:client/src/Contexts/CurStyleContext.js
FNF:0
FNH:0
DA:3,2
LF:1
LH:1
BRF:0
BRH:0
end_of_record
